<?xml version="1.0" encoding="UTF-8"?>
<testng-results skipped="0" failed="0" ignored="0" total="1" passed="1">
  <reporter-output>
  </reporter-output>
  <suite name="Default suite" duration-ms="126695" started-at="2020-05-07T15:01:53Z" finished-at="2020-05-07T15:04:00Z">
    <groups>
    </groups>
    <test name="Default test" duration-ms="126695" started-at="2020-05-07T15:01:53Z" finished-at="2020-05-07T15:04:00Z">
      <class name="Regression.CeloTest">
        <test-method status="PASS" signature="testRun()[pri:0, instance:Regression.CeloTest@13a5fe33]" name="testRun" duration-ms="126677" started-at="2020-05-07T15:01:53Z" finished-at="2020-05-07T15:04:00Z">
          <reporter-output>
          </reporter-output>
        </test-method> <!-- testRun -->
      </class> <!-- Regression.CeloTest -->
    </test> <!-- Default test -->
  </suite> <!-- Default suite -->
</testng-results>
